[0.284s] DEBUG:colcon:Command line arguments: ['/usr/bin/colcon', 'build', '--cmake-args', '-DCMAKE_BUILD_TYPE=RELWITHDEBINFO', '--symlink-install', '--packages-skip', 'ros1_bridge']
[0.284s] DEBUG:colcon:Parsed command line arguments: Namespace(ament_cmake_args=None, base_paths=['.'], build_base='build', catkin_cmake_args=None, catkin_skip_building_tests=False, cmake_args=['-DCMAKE_BUILD_TYPE=RELWITHDEBINFO'], cmake_clean_cache=False, cmake_clean_first=False, cmake_force_configure=False, cmake_target=None, cmake_target_skip_unavailable=False, continue_on_error=False, event_handlers=None, executor='parallel', ignore_user_meta=False, install_base='install', log_base=None, log_level=None, main=<bound method BuildVerb.main of <colcon_core.verb.build.BuildVerb object at 0x7f36ee577a30>>, merge_install=False, metas=['./colcon.meta'], packages_above=None, packages_above_and_dependencies=None, packages_above_depth=None, packages_end=None, packages_ignore=None, packages_ignore_regex=None, packages_select=None, packages_select_build_failed=False, packages_select_by_dep=None, packages_select_regex=None, packages_select_test_failures=False, packages_skip=['ros1_bridge'], packages_skip_build_finished=False, packages_skip_by_dep=None, packages_skip_regex=None, packages_skip_test_passed=False, packages_skip_up_to=None, packages_start=None, packages_up_to=None, packages_up_to_regex=None, parallel_workers=8, paths=None, symlink_install=True, test_result_base=None, verb_extension=<colcon_core.verb.build.BuildVerb object at 0x7f36ee577a30>, verb_name='build', verb_parser=<colcon_defaults.argument_parser.defaults.DefaultArgumentsDecorator object at 0x7f36ee577fa0>)
[0.289s] Level 1:colcon.colcon_core.package_discovery:discover_packages(colcon_meta) check parameters
[0.289s] Level 1:colcon.colcon_core.package_discovery:discover_packages(recursive) check parameters
[0.289s] Level 1:colcon.colcon_core.package_discovery:discover_packages(ignore) check parameters
[0.289s] Level 1:colcon.colcon_core.package_discovery:discover_packages(path) check parameters
[0.289s] Level 1:colcon.colcon_core.package_discovery:discover_packages(colcon_meta) discover
[0.289s] Level 1:colcon.colcon_core.package_discovery:discover_packages(recursive) discover
[0.289s] INFO:colcon.colcon_core.package_discovery:Crawling recursively for packages in '/home/gennscar/px4_ros_com_ros2'
[0.289s] Level 1:colcon.colcon_core.package_identification:_identify(.) by extensions ['ignore', 'ignore_ament_install']
[0.289s] Level 1:colcon.colcon_core.package_identification:_identify(.) by extension 'ignore'
[0.289s] Level 1:colcon.colcon_core.package_identification:_identify(.) by extension 'ignore_ament_install'
[0.289s] Level 1:colcon.colcon_core.package_identification:_identify(.) by extensions ['colcon_pkg']
[0.289s] Level 1:colcon.colcon_core.package_identification:_identify(.) by extension 'colcon_pkg'
[0.289s] Level 1:colcon.colcon_core.package_identification:_identify(.) by extensions ['colcon_meta']
[0.289s] Level 1:colcon.colcon_core.package_identification:_identify(.) by extension 'colcon_meta'
[0.290s] Level 1:colcon.colcon_core.package_identification:_identify(.) by extensions ['ros']
[0.290s] Level 1:colcon.colcon_core.package_identification:_identify(.) by extension 'ros'
[0.299s] Level 1:colcon.colcon_core.package_identification:_identify(.) by extensions ['cmake', 'python']
[0.299s] Level 1:colcon.colcon_core.package_identification:_identify(.) by extension 'cmake'
[0.299s] Level 1:colcon.colcon_core.package_identification:_identify(.) by extension 'python'
[0.299s] Level 1:colcon.colcon_core.package_identification:_identify(.) by extensions ['python_setup_py']
[0.299s] Level 1:colcon.colcon_core.package_identification:_identify(.) by extension 'python_setup_py'
[0.299s] Level 1:colcon.colcon_core.package_identification:_identify(build) by extensions ['ignore', 'ignore_ament_install']
[0.299s] Level 1:colcon.colcon_core.package_identification:_identify(build) by extension 'ignore'
[0.299s] Level 1:colcon.colcon_core.package_identification:_identify(build) ignored
[0.299s] Level 1:colcon.colcon_core.package_identification:_identify(install) by extensions ['ignore', 'ignore_ament_install']
[0.299s] Level 1:colcon.colcon_core.package_identification:_identify(install) by extension 'ignore'
[0.299s] Level 1:colcon.colcon_core.package_identification:_identify(install) ignored
[0.300s] Level 1:colcon.colcon_core.package_identification:_identify(log) by extensions ['ignore', 'ignore_ament_install']
[0.300s] Level 1:colcon.colcon_core.package_identification:_identify(log) by extension 'ignore'
[0.300s] Level 1:colcon.colcon_core.package_identification:_identify(log) ignored
[0.300s] Level 1:colcon.colcon_core.package_identification:_identify(src) by extensions ['ignore', 'ignore_ament_install']
[0.300s] Level 1:colcon.colcon_core.package_identification:_identify(src) by extension 'ignore'
[0.300s] Level 1:colcon.colcon_core.package_identification:_identify(src) by extension 'ignore_ament_install'
[0.300s] Level 1:colcon.colcon_core.package_identification:_identify(src) by extensions ['colcon_pkg']
[0.300s] Level 1:colcon.colcon_core.package_identification:_identify(src) by extension 'colcon_pkg'
[0.300s] Level 1:colcon.colcon_core.package_identification:_identify(src) by extensions ['colcon_meta']
[0.300s] Level 1:colcon.colcon_core.package_identification:_identify(src) by extension 'colcon_meta'
[0.300s] Level 1:colcon.colcon_core.package_identification:_identify(src) by extensions ['ros']
[0.300s] Level 1:colcon.colcon_core.package_identification:_identify(src) by extension 'ros'
[0.300s] Level 1:colcon.colcon_core.package_identification:_identify(src) by extensions ['cmake', 'python']
[0.300s] Level 1:colcon.colcon_core.package_identification:_identify(src) by extension 'cmake'
[0.300s] Level 1:colcon.colcon_core.package_identification:_identify(src) by extension 'python'
[0.300s] Level 1:colcon.colcon_core.package_identification:_identify(src) by extensions ['python_setup_py']
[0.300s] Level 1:colcon.colcon_core.package_identification:_identify(src) by extension 'python_setup_py'
[0.300s] Level 1:colcon.colcon_core.package_identification:_identify(src/px4_msgs) by extensions ['ignore', 'ignore_ament_install']
[0.300s] Level 1:colcon.colcon_core.package_identification:_identify(src/px4_msgs) by extension 'ignore'
[0.300s] Level 1:colcon.colcon_core.package_identification:_identify(src/px4_msgs) by extension 'ignore_ament_install'
[0.300s] Level 1:colcon.colcon_core.package_identification:_identify(src/px4_msgs) by extensions ['colcon_pkg']
[0.300s] Level 1:colcon.colcon_core.package_identification:_identify(src/px4_msgs) by extension 'colcon_pkg'
[0.301s] Level 1:colcon.colcon_core.package_identification:_identify(src/px4_msgs) by extensions ['colcon_meta']
[0.301s] Level 1:colcon.colcon_core.package_identification:_identify(src/px4_msgs) by extension 'colcon_meta'
[0.301s] Level 1:colcon.colcon_core.package_identification:_identify(src/px4_msgs) by extensions ['ros']
[0.301s] Level 1:colcon.colcon_core.package_identification:_identify(src/px4_msgs) by extension 'ros'
[0.303s] DEBUG:colcon.colcon_core.package_identification:Package 'src/px4_msgs' with type 'ros.ament_cmake' and name 'px4_msgs'
[0.303s] Level 1:colcon.colcon_core.package_identification:_identify(src/px4_ros_com) by extensions ['ignore', 'ignore_ament_install']
[0.304s] Level 1:colcon.colcon_core.package_identification:_identify(src/px4_ros_com) by extension 'ignore'
[0.304s] Level 1:colcon.colcon_core.package_identification:_identify(src/px4_ros_com) by extension 'ignore_ament_install'
[0.304s] Level 1:colcon.colcon_core.package_identification:_identify(src/px4_ros_com) by extensions ['colcon_pkg']
[0.304s] Level 1:colcon.colcon_core.package_identification:_identify(src/px4_ros_com) by extension 'colcon_pkg'
[0.304s] Level 1:colcon.colcon_core.package_identification:_identify(src/px4_ros_com) by extensions ['colcon_meta']
[0.304s] Level 1:colcon.colcon_core.package_identification:_identify(src/px4_ros_com) by extension 'colcon_meta'
[0.304s] Level 1:colcon.colcon_core.package_identification:_identify(src/px4_ros_com) by extensions ['ros']
[0.304s] Level 1:colcon.colcon_core.package_identification:_identify(src/px4_ros_com) by extension 'ros'
[0.305s] DEBUG:colcon.colcon_core.package_identification:Package 'src/px4_ros_com' with type 'ros.ament_cmake' and name 'px4_ros_com'
[0.305s] Level 1:colcon.colcon_core.package_identification:_identify(src/ros1_bridge) by extensions ['ignore', 'ignore_ament_install']
[0.305s] Level 1:colcon.colcon_core.package_identification:_identify(src/ros1_bridge) by extension 'ignore'
[0.305s] Level 1:colcon.colcon_core.package_identification:_identify(src/ros1_bridge) by extension 'ignore_ament_install'
[0.305s] Level 1:colcon.colcon_core.package_identification:_identify(src/ros1_bridge) by extensions ['colcon_pkg']
[0.305s] Level 1:colcon.colcon_core.package_identification:_identify(src/ros1_bridge) by extension 'colcon_pkg'
[0.305s] Level 1:colcon.colcon_core.package_identification:_identify(src/ros1_bridge) by extensions ['colcon_meta']
[0.305s] Level 1:colcon.colcon_core.package_identification:_identify(src/ros1_bridge) by extension 'colcon_meta'
[0.305s] Level 1:colcon.colcon_core.package_identification:_identify(src/ros1_bridge) by extensions ['ros']
[0.305s] Level 1:colcon.colcon_core.package_identification:_identify(src/ros1_bridge) by extension 'ros'
[0.306s] DEBUG:colcon.colcon_core.package_identification:Package 'src/ros1_bridge' with type 'ros.ament_cmake' and name 'ros1_bridge'
[0.306s] Level 1:colcon.colcon_core.package_discovery:discover_packages(recursive) using defaults
[0.306s] Level 1:colcon.colcon_core.package_discovery:discover_packages(ignore) discover
[0.306s] Level 1:colcon.colcon_core.package_discovery:discover_packages(ignore) using defaults
[0.306s] Level 1:colcon.colcon_core.package_discovery:discover_packages(path) discover
[0.306s] Level 1:colcon.colcon_core.package_discovery:discover_packages(path) using defaults
[0.324s] INFO:colcon.colcon_core.package_selection:Skipping package 'ros1_bridge' in 'src/ros1_bridge'
[0.327s] Level 5:colcon.colcon_core.verb:set package 'px4_msgs' build argument 'cmake_args' from command line to '['-DCMAKE_BUILD_TYPE=RELWITHDEBINFO']'
[0.327s] Level 5:colcon.colcon_core.verb:set package 'px4_msgs' build argument 'cmake_target' from command line to 'None'
[0.327s] Level 5:colcon.colcon_core.verb:set package 'px4_msgs' build argument 'cmake_target_skip_unavailable' from command line to 'False'
[0.327s] Level 5:colcon.colcon_core.verb:set package 'px4_msgs' build argument 'cmake_clean_cache' from command line to 'False'
[0.327s] Level 5:colcon.colcon_core.verb:set package 'px4_msgs' build argument 'cmake_clean_first' from command line to 'False'
[0.327s] Level 5:colcon.colcon_core.verb:set package 'px4_msgs' build argument 'cmake_force_configure' from command line to 'False'
[0.327s] Level 5:colcon.colcon_core.verb:set package 'px4_msgs' build argument 'ament_cmake_args' from command line to 'None'
[0.327s] Level 5:colcon.colcon_core.verb:set package 'px4_msgs' build argument 'catkin_cmake_args' from command line to 'None'
[0.327s] Level 5:colcon.colcon_core.verb:set package 'px4_msgs' build argument 'catkin_skip_building_tests' from command line to 'False'
[0.327s] DEBUG:colcon.colcon_core.verb:Building package 'px4_msgs' with the following arguments: {'ament_cmake_args': None, 'build_base': '/home/gennscar/px4_ros_com_ros2/build/px4_msgs', 'catkin_cmake_args': None, 'catkin_skip_building_tests': False, 'cmake_args': ['-DCMAKE_BUILD_TYPE=RELWITHDEBINFO'], 'cmake_clean_cache': False, 'cmake_clean_first': False, 'cmake_force_configure': False, 'cmake_target': None, 'cmake_target_skip_unavailable': False, 'install_base': '/home/gennscar/px4_ros_com_ros2/install/px4_msgs', 'merge_install': False, 'path': '/home/gennscar/px4_ros_com_ros2/src/px4_msgs', 'symlink_install': True, 'test_result_base': None}
[0.330s] Level 5:colcon.colcon_core.verb:set package 'px4_ros_com' build argument 'cmake_args' from command line to '['-DCMAKE_BUILD_TYPE=RELWITHDEBINFO']'
[0.330s] Level 5:colcon.colcon_core.verb:set package 'px4_ros_com' build argument 'cmake_target' from command line to 'None'
[0.330s] Level 5:colcon.colcon_core.verb:set package 'px4_ros_com' build argument 'cmake_target_skip_unavailable' from command line to 'False'
[0.330s] Level 5:colcon.colcon_core.verb:set package 'px4_ros_com' build argument 'cmake_clean_cache' from command line to 'False'
[0.330s] Level 5:colcon.colcon_core.verb:set package 'px4_ros_com' build argument 'cmake_clean_first' from command line to 'False'
[0.330s] Level 5:colcon.colcon_core.verb:set package 'px4_ros_com' build argument 'cmake_force_configure' from command line to 'False'
[0.330s] Level 5:colcon.colcon_core.verb:set package 'px4_ros_com' build argument 'ament_cmake_args' from command line to 'None'
[0.330s] Level 5:colcon.colcon_core.verb:set package 'px4_ros_com' build argument 'catkin_cmake_args' from command line to 'None'
[0.330s] Level 5:colcon.colcon_core.verb:set package 'px4_ros_com' build argument 'catkin_skip_building_tests' from command line to 'False'
[0.330s] DEBUG:colcon.colcon_core.verb:Building package 'px4_ros_com' with the following arguments: {'ament_cmake_args': None, 'build_base': '/home/gennscar/px4_ros_com_ros2/build/px4_ros_com', 'catkin_cmake_args': None, 'catkin_skip_building_tests': False, 'cmake_args': ['-DCMAKE_BUILD_TYPE=RELWITHDEBINFO'], 'cmake_clean_cache': False, 'cmake_clean_first': False, 'cmake_force_configure': False, 'cmake_target': None, 'cmake_target_skip_unavailable': False, 'install_base': '/home/gennscar/px4_ros_com_ros2/install/px4_ros_com', 'merge_install': False, 'path': '/home/gennscar/px4_ros_com_ros2/src/px4_ros_com', 'symlink_install': True, 'test_result_base': None}
[0.330s] INFO:colcon.colcon_core.executor:Executing jobs using 'parallel' executor
[0.332s] DEBUG:colcon.colcon_parallel_executor.executor.parallel:run_until_complete
[0.332s] INFO:colcon.colcon_ros.task.ament_cmake.build:Building ROS package in '/home/gennscar/px4_ros_com_ros2/src/px4_msgs' with build type 'ament_cmake'
[0.332s] INFO:colcon.colcon_cmake.task.cmake.build:Building CMake package in '/home/gennscar/px4_ros_com_ros2/src/px4_msgs'
[0.336s] INFO:colcon.colcon_core.plugin_system:Skipping extension 'colcon_core.shell.bat': Not used on non-Windows systems
[0.336s] INFO:colcon.colcon_core.shell:Skip shell extension 'powershell' for command environment: Not usable outside of PowerShell
[0.336s] DEBUG:colcon.colcon_core.shell:Skip shell extension 'dsv' for command environment
[0.339s] DEBUG:colcon.colcon_core.shell:Ignoring prefix path '/opt/ros/foxy'
[0.347s] DEBUG:colcon.colcon_core.event_handler.log_command:Invoking command in '/home/gennscar/px4_ros_com_ros2/build/px4_msgs': CMAKE_PREFIX_PATH=${CMAKE_PREFIX_PATH}:/home/gennscar/ros2_px4_ws/install/testing:/home/gennscar/ros2_px4_ws/install/ros2_px4_control:/home/gennscar/ros2_px4_ws/install/estimation:/home/gennscar/ros2_px4_ws/install/functions:/home/gennscar/gazebo_ros_pkgs/install/opencv_tests:/opt/ros/foxy /usr/bin/cmake /home/gennscar/px4_ros_com_ros2/src/px4_msgs -DCMAKE_BUILD_TYPE=RELWITHDEBINFO -DAMENT_CMAKE_SYMLINK_INSTALL=1 -DCMAKE_INSTALL_PREFIX=/home/gennscar/px4_ros_com_ros2/install/px4_msgs
[8.790s] DEBUG:colcon.colcon_core.event_handler.log_command:Invoked command in '/home/gennscar/px4_ros_com_ros2/build/px4_msgs' returned '0': CMAKE_PREFIX_PATH=${CMAKE_PREFIX_PATH}:/home/gennscar/ros2_px4_ws/install/testing:/home/gennscar/ros2_px4_ws/install/ros2_px4_control:/home/gennscar/ros2_px4_ws/install/estimation:/home/gennscar/ros2_px4_ws/install/functions:/home/gennscar/gazebo_ros_pkgs/install/opencv_tests:/opt/ros/foxy /usr/bin/cmake /home/gennscar/px4_ros_com_ros2/src/px4_msgs -DCMAKE_BUILD_TYPE=RELWITHDEBINFO -DAMENT_CMAKE_SYMLINK_INSTALL=1 -DCMAKE_INSTALL_PREFIX=/home/gennscar/px4_ros_com_ros2/install/px4_msgs
[8.792s] DEBUG:colcon.colcon_core.event_handler.log_command:Invoking command in '/home/gennscar/px4_ros_com_ros2/build/px4_msgs': CMAKE_PREFIX_PATH=${CMAKE_PREFIX_PATH}:/home/gennscar/ros2_px4_ws/install/testing:/home/gennscar/ros2_px4_ws/install/ros2_px4_control:/home/gennscar/ros2_px4_ws/install/estimation:/home/gennscar/ros2_px4_ws/install/functions:/home/gennscar/gazebo_ros_pkgs/install/opencv_tests:/opt/ros/foxy /usr/bin/cmake --build /home/gennscar/px4_ros_com_ros2/build/px4_msgs -- -j8 -l8
[225.920s] DEBUG:colcon.colcon_core.event_handler.log_command:Invoked command in '/home/gennscar/px4_ros_com_ros2/build/px4_msgs' returned '0': CMAKE_PREFIX_PATH=${CMAKE_PREFIX_PATH}:/home/gennscar/ros2_px4_ws/install/testing:/home/gennscar/ros2_px4_ws/install/ros2_px4_control:/home/gennscar/ros2_px4_ws/install/estimation:/home/gennscar/ros2_px4_ws/install/functions:/home/gennscar/gazebo_ros_pkgs/install/opencv_tests:/opt/ros/foxy /usr/bin/cmake --build /home/gennscar/px4_ros_com_ros2/build/px4_msgs -- -j8 -l8
[229.420s] DEBUG:colcon.colcon_core.event_handler.log_command:Invoking command in '/home/gennscar/px4_ros_com_ros2/build/px4_msgs': CMAKE_PREFIX_PATH=${CMAKE_PREFIX_PATH}:/home/gennscar/ros2_px4_ws/install/testing:/home/gennscar/ros2_px4_ws/install/ros2_px4_control:/home/gennscar/ros2_px4_ws/install/estimation:/home/gennscar/ros2_px4_ws/install/functions:/home/gennscar/gazebo_ros_pkgs/install/opencv_tests:/opt/ros/foxy /usr/bin/cmake --install /home/gennscar/px4_ros_com_ros2/build/px4_msgs
[256.183s] Level 1:colcon.colcon_core.environment:create_environment_scripts_only(px4_msgs)
[256.184s] DEBUG:colcon.colcon_core.event_handler.log_command:Invoked command in '/home/gennscar/px4_ros_com_ros2/build/px4_msgs' returned '0': CMAKE_PREFIX_PATH=${CMAKE_PREFIX_PATH}:/home/gennscar/ros2_px4_ws/install/testing:/home/gennscar/ros2_px4_ws/install/ros2_px4_control:/home/gennscar/ros2_px4_ws/install/estimation:/home/gennscar/ros2_px4_ws/install/functions:/home/gennscar/gazebo_ros_pkgs/install/opencv_tests:/opt/ros/foxy /usr/bin/cmake --install /home/gennscar/px4_ros_com_ros2/build/px4_msgs
[256.262s] Level 1:colcon.colcon_core.environment:checking '/home/gennscar/px4_ros_com_ros2/install/px4_msgs' for CMake module files
[256.263s] Level 1:colcon.colcon_core.environment:checking '/home/gennscar/px4_ros_com_ros2/install/px4_msgs' for CMake config files
[256.266s] Level 1:colcon.colcon_core.shell:create_environment_hook('px4_msgs', 'cmake_prefix_path')
[256.267s] INFO:colcon.colcon_core.shell:Creating environment hook '/home/gennscar/px4_ros_com_ros2/install/px4_msgs/share/px4_msgs/hook/cmake_prefix_path.ps1'
[256.286s] INFO:colcon.colcon_core.shell:Creating environment descriptor '/home/gennscar/px4_ros_com_ros2/install/px4_msgs/share/px4_msgs/hook/cmake_prefix_path.dsv'
[256.286s] INFO:colcon.colcon_core.shell:Creating environment hook '/home/gennscar/px4_ros_com_ros2/install/px4_msgs/share/px4_msgs/hook/cmake_prefix_path.sh'
[256.288s] Level 1:colcon.colcon_core.environment:checking '/home/gennscar/px4_ros_com_ros2/install/px4_msgs/lib'
[256.288s] Level 1:colcon.colcon_core.shell:create_environment_hook('px4_msgs', 'ld_library_path_lib')
[256.289s] INFO:colcon.colcon_core.shell:Creating environment hook '/home/gennscar/px4_ros_com_ros2/install/px4_msgs/share/px4_msgs/hook/ld_library_path_lib.ps1'
[256.289s] INFO:colcon.colcon_core.shell:Creating environment descriptor '/home/gennscar/px4_ros_com_ros2/install/px4_msgs/share/px4_msgs/hook/ld_library_path_lib.dsv'
[256.290s] INFO:colcon.colcon_core.shell:Creating environment hook '/home/gennscar/px4_ros_com_ros2/install/px4_msgs/share/px4_msgs/hook/ld_library_path_lib.sh'
[256.290s] Level 1:colcon.colcon_core.environment:checking '/home/gennscar/px4_ros_com_ros2/install/px4_msgs/bin'
[256.290s] Level 1:colcon.colcon_core.environment:checking '/home/gennscar/px4_ros_com_ros2/install/px4_msgs/lib/pkgconfig/px4_msgs.pc'
[256.290s] Level 1:colcon.colcon_core.environment:checking '/home/gennscar/px4_ros_com_ros2/install/px4_msgs/lib/python3.8/site-packages'
[256.290s] Level 1:colcon.colcon_core.shell:create_environment_hook('px4_msgs', 'pythonpath')
[256.291s] INFO:colcon.colcon_core.shell:Creating environment hook '/home/gennscar/px4_ros_com_ros2/install/px4_msgs/share/px4_msgs/hook/pythonpath.ps1'
[256.292s] INFO:colcon.colcon_core.shell:Creating environment descriptor '/home/gennscar/px4_ros_com_ros2/install/px4_msgs/share/px4_msgs/hook/pythonpath.dsv'
[256.292s] INFO:colcon.colcon_core.shell:Creating environment hook '/home/gennscar/px4_ros_com_ros2/install/px4_msgs/share/px4_msgs/hook/pythonpath.sh'
[256.295s] INFO:colcon.colcon_core.shell:Creating package script '/home/gennscar/px4_ros_com_ros2/install/px4_msgs/share/px4_msgs/package.ps1'
[256.296s] INFO:colcon.colcon_core.shell:Creating package descriptor '/home/gennscar/px4_ros_com_ros2/install/px4_msgs/share/px4_msgs/package.dsv'
[256.297s] INFO:colcon.colcon_core.shell:Creating package script '/home/gennscar/px4_ros_com_ros2/install/px4_msgs/share/px4_msgs/package.sh'
[256.298s] INFO:colcon.colcon_core.shell:Creating package script '/home/gennscar/px4_ros_com_ros2/install/px4_msgs/share/px4_msgs/package.bash'
[256.310s] INFO:colcon.colcon_core.shell:Creating package script '/home/gennscar/px4_ros_com_ros2/install/px4_msgs/share/px4_msgs/package.zsh'
[256.326s] Level 1:colcon.colcon_core.environment:create_file_with_runtime_dependencies(/home/gennscar/px4_ros_com_ros2/install/px4_msgs/share/colcon-core/packages/px4_msgs)
[259.879s] Level 1:colcon.colcon_core.environment:create_environment_scripts_only(px4_msgs)
[259.880s] Level 1:colcon.colcon_core.environment:checking '/home/gennscar/px4_ros_com_ros2/install/px4_msgs' for CMake module files
[259.880s] Level 1:colcon.colcon_core.environment:checking '/home/gennscar/px4_ros_com_ros2/install/px4_msgs' for CMake config files
[259.883s] Level 1:colcon.colcon_core.shell:create_environment_hook('px4_msgs', 'cmake_prefix_path')
[259.883s] INFO:colcon.colcon_core.shell:Creating environment hook '/home/gennscar/px4_ros_com_ros2/install/px4_msgs/share/px4_msgs/hook/cmake_prefix_path.ps1'
[259.884s] INFO:colcon.colcon_core.shell:Creating environment descriptor '/home/gennscar/px4_ros_com_ros2/install/px4_msgs/share/px4_msgs/hook/cmake_prefix_path.dsv'
[259.884s] INFO:colcon.colcon_core.shell:Creating environment hook '/home/gennscar/px4_ros_com_ros2/install/px4_msgs/share/px4_msgs/hook/cmake_prefix_path.sh'
[259.884s] Level 1:colcon.colcon_core.environment:checking '/home/gennscar/px4_ros_com_ros2/install/px4_msgs/lib'
[259.885s] Level 1:colcon.colcon_core.shell:create_environment_hook('px4_msgs', 'ld_library_path_lib')
[259.885s] INFO:colcon.colcon_core.shell:Creating environment hook '/home/gennscar/px4_ros_com_ros2/install/px4_msgs/share/px4_msgs/hook/ld_library_path_lib.ps1'
[259.885s] INFO:colcon.colcon_core.shell:Creating environment descriptor '/home/gennscar/px4_ros_com_ros2/install/px4_msgs/share/px4_msgs/hook/ld_library_path_lib.dsv'
[259.886s] INFO:colcon.colcon_core.shell:Creating environment hook '/home/gennscar/px4_ros_com_ros2/install/px4_msgs/share/px4_msgs/hook/ld_library_path_lib.sh'
[259.886s] Level 1:colcon.colcon_core.environment:checking '/home/gennscar/px4_ros_com_ros2/install/px4_msgs/bin'
[259.886s] Level 1:colcon.colcon_core.environment:checking '/home/gennscar/px4_ros_com_ros2/install/px4_msgs/lib/pkgconfig/px4_msgs.pc'
[259.886s] Level 1:colcon.colcon_core.environment:checking '/home/gennscar/px4_ros_com_ros2/install/px4_msgs/lib/python3.8/site-packages'
[259.886s] Level 1:colcon.colcon_core.shell:create_environment_hook('px4_msgs', 'pythonpath')
[259.887s] INFO:colcon.colcon_core.shell:Creating environment hook '/home/gennscar/px4_ros_com_ros2/install/px4_msgs/share/px4_msgs/hook/pythonpath.ps1'
[259.887s] INFO:colcon.colcon_core.shell:Creating environment descriptor '/home/gennscar/px4_ros_com_ros2/install/px4_msgs/share/px4_msgs/hook/pythonpath.dsv'
[259.887s] INFO:colcon.colcon_core.shell:Creating environment hook '/home/gennscar/px4_ros_com_ros2/install/px4_msgs/share/px4_msgs/hook/pythonpath.sh'
[259.888s] INFO:colcon.colcon_core.shell:Creating package script '/home/gennscar/px4_ros_com_ros2/install/px4_msgs/share/px4_msgs/package.ps1'
[259.889s] INFO:colcon.colcon_core.shell:Creating package descriptor '/home/gennscar/px4_ros_com_ros2/install/px4_msgs/share/px4_msgs/package.dsv'
[259.889s] INFO:colcon.colcon_core.shell:Creating package script '/home/gennscar/px4_ros_com_ros2/install/px4_msgs/share/px4_msgs/package.sh'
[259.889s] INFO:colcon.colcon_core.shell:Creating package script '/home/gennscar/px4_ros_com_ros2/install/px4_msgs/share/px4_msgs/package.bash'
[259.890s] INFO:colcon.colcon_core.shell:Creating package script '/home/gennscar/px4_ros_com_ros2/install/px4_msgs/share/px4_msgs/package.zsh'
[259.890s] Level 1:colcon.colcon_core.environment:create_file_with_runtime_dependencies(/home/gennscar/px4_ros_com_ros2/install/px4_msgs/share/colcon-core/packages/px4_msgs)
[259.890s] INFO:colcon.colcon_ros.task.ament_cmake.build:Building ROS package in '/home/gennscar/px4_ros_com_ros2/src/px4_ros_com' with build type 'ament_cmake'
[259.890s] INFO:colcon.colcon_cmake.task.cmake.build:Building CMake package in '/home/gennscar/px4_ros_com_ros2/src/px4_ros_com'
[259.891s] INFO:colcon.colcon_core.shell:Skip shell extension 'powershell' for command environment: Not usable outside of PowerShell
[259.891s] DEBUG:colcon.colcon_core.shell:Skip shell extension 'dsv' for command environment
[259.894s] DEBUG:colcon.colcon_core.shell:Ignoring prefix path '/opt/ros/foxy'
[259.903s] DEBUG:colcon.colcon_core.event_handler.log_command:Invoking command in '/home/gennscar/px4_ros_com_ros2/build/px4_ros_com': AMENT_PREFIX_PATH=/home/gennscar/px4_ros_com_ros2/install/px4_msgs:${AMENT_PREFIX_PATH} CMAKE_PREFIX_PATH=/home/gennscar/px4_ros_com_ros2/install/px4_msgs:/home/gennscar/ros2_px4_ws/install/ros2_px4_launch_files:/home/gennscar/ros2_px4_ws/install/custom_interfaces:/home/gennscar/gazebo_ros_pkgs/install/vision_opencv:/home/gennscar/gazebo_ros_pkgs/install/image_common:/home/gennscar/gazebo_ros_pkgs/install/gazebo_ros_pkgs:/home/gennscar/gazebo_ros_pkgs/install/gazebo_plugins:/home/gennscar/gazebo_ros_pkgs/install/image_transport:/home/gennscar/gazebo_ros_pkgs/install/image_geometry:/home/gennscar/gazebo_ros_pkgs/install/gazebo_ros:/home/gennscar/gazebo_ros_pkgs/install/gazebo_msgs:/home/gennscar/gazebo_ros_pkgs/install/gazebo_dev:/home/gennscar/gazebo_ros_pkgs/install/cv_bridge:/home/gennscar/gazebo_ros_pkgs/install/camera_info_manager:/home/gennscar/gazebo_ros_pkgs/install/camera_calibration_parsers:/home/gennscar/ros2_px4_ws/install/testing:/home/gennscar/ros2_px4_ws/install/ros2_px4_control:/home/gennscar/ros2_px4_ws/install/estimation:/home/gennscar/ros2_px4_ws/install/functions:/home/gennscar/gazebo_ros_pkgs/install/opencv_tests:/opt/ros/foxy LD_LIBRARY_PATH=/home/gennscar/px4_ros_com_ros2/install/px4_msgs/lib:/home/gennscar/ros2_px4_ws/install/custom_interfaces/lib:/home/gennscar/gazebo_ros_pkgs/install/gazebo_plugins/lib:/home/gennscar/gazebo_ros_pkgs/install/image_transport/lib:/home/gennscar/gazebo_ros_pkgs/install/image_geometry/lib:/home/gennscar/gazebo_ros_pkgs/install/gazebo_ros/lib:/home/gennscar/gazebo_ros_pkgs/install/gazebo_msgs/lib:/home/gennscar/gazebo_ros_pkgs/install/cv_bridge/lib:/home/gennscar/gazebo_ros_pkgs/install/camera_info_manager/lib:/home/gennscar/gazebo_ros_pkgs/install/camera_calibration_parsers/lib:/usr/lib/x86_64-linux-gnu/gazebo-11/plugins:/opt/ros/foxy/opt/yaml_cpp_vendor/lib:/opt/ros/foxy/opt/rviz_ogre_vendor/lib:/opt/ros/foxy/lib/x86_64-linux-gnu:/opt/ros/foxy/lib:/usr/local/lib PYTHONPATH=/home/gennscar/px4_ros_com_ros2/install/px4_msgs/lib/python3.8/site-packages:${PYTHONPATH} /usr/bin/cmake /home/gennscar/px4_ros_com_ros2/src/px4_ros_com -DCMAKE_BUILD_TYPE=RELWITHDEBINFO -DAMENT_CMAKE_SYMLINK_INSTALL=1 -DCMAKE_INSTALL_PREFIX=/home/gennscar/px4_ros_com_ros2/install/px4_ros_com
[263.196s] DEBUG:colcon.colcon_core.event_handler.log_command:Invoked command in '/home/gennscar/px4_ros_com_ros2/build/px4_ros_com' returned '0': AMENT_PREFIX_PATH=/home/gennscar/px4_ros_com_ros2/install/px4_msgs:${AMENT_PREFIX_PATH} CMAKE_PREFIX_PATH=/home/gennscar/px4_ros_com_ros2/install/px4_msgs:/home/gennscar/ros2_px4_ws/install/ros2_px4_launch_files:/home/gennscar/ros2_px4_ws/install/custom_interfaces:/home/gennscar/gazebo_ros_pkgs/install/vision_opencv:/home/gennscar/gazebo_ros_pkgs/install/image_common:/home/gennscar/gazebo_ros_pkgs/install/gazebo_ros_pkgs:/home/gennscar/gazebo_ros_pkgs/install/gazebo_plugins:/home/gennscar/gazebo_ros_pkgs/install/image_transport:/home/gennscar/gazebo_ros_pkgs/install/image_geometry:/home/gennscar/gazebo_ros_pkgs/install/gazebo_ros:/home/gennscar/gazebo_ros_pkgs/install/gazebo_msgs:/home/gennscar/gazebo_ros_pkgs/install/gazebo_dev:/home/gennscar/gazebo_ros_pkgs/install/cv_bridge:/home/gennscar/gazebo_ros_pkgs/install/camera_info_manager:/home/gennscar/gazebo_ros_pkgs/install/camera_calibration_parsers:/home/gennscar/ros2_px4_ws/install/testing:/home/gennscar/ros2_px4_ws/install/ros2_px4_control:/home/gennscar/ros2_px4_ws/install/estimation:/home/gennscar/ros2_px4_ws/install/functions:/home/gennscar/gazebo_ros_pkgs/install/opencv_tests:/opt/ros/foxy LD_LIBRARY_PATH=/home/gennscar/px4_ros_com_ros2/install/px4_msgs/lib:/home/gennscar/ros2_px4_ws/install/custom_interfaces/lib:/home/gennscar/gazebo_ros_pkgs/install/gazebo_plugins/lib:/home/gennscar/gazebo_ros_pkgs/install/image_transport/lib:/home/gennscar/gazebo_ros_pkgs/install/image_geometry/lib:/home/gennscar/gazebo_ros_pkgs/install/gazebo_ros/lib:/home/gennscar/gazebo_ros_pkgs/install/gazebo_msgs/lib:/home/gennscar/gazebo_ros_pkgs/install/cv_bridge/lib:/home/gennscar/gazebo_ros_pkgs/install/camera_info_manager/lib:/home/gennscar/gazebo_ros_pkgs/install/camera_calibration_parsers/lib:/usr/lib/x86_64-linux-gnu/gazebo-11/plugins:/opt/ros/foxy/opt/yaml_cpp_vendor/lib:/opt/ros/foxy/opt/rviz_ogre_vendor/lib:/opt/ros/foxy/lib/x86_64-linux-gnu:/opt/ros/foxy/lib:/usr/local/lib PYTHONPATH=/home/gennscar/px4_ros_com_ros2/install/px4_msgs/lib/python3.8/site-packages:${PYTHONPATH} /usr/bin/cmake /home/gennscar/px4_ros_com_ros2/src/px4_ros_com -DCMAKE_BUILD_TYPE=RELWITHDEBINFO -DAMENT_CMAKE_SYMLINK_INSTALL=1 -DCMAKE_INSTALL_PREFIX=/home/gennscar/px4_ros_com_ros2/install/px4_ros_com
[263.199s] DEBUG:colcon.colcon_core.event_handler.log_command:Invoking command in '/home/gennscar/px4_ros_com_ros2/build/px4_ros_com': AMENT_PREFIX_PATH=/home/gennscar/px4_ros_com_ros2/install/px4_msgs:${AMENT_PREFIX_PATH} CMAKE_PREFIX_PATH=/home/gennscar/px4_ros_com_ros2/install/px4_msgs:/home/gennscar/ros2_px4_ws/install/ros2_px4_launch_files:/home/gennscar/ros2_px4_ws/install/custom_interfaces:/home/gennscar/gazebo_ros_pkgs/install/vision_opencv:/home/gennscar/gazebo_ros_pkgs/install/image_common:/home/gennscar/gazebo_ros_pkgs/install/gazebo_ros_pkgs:/home/gennscar/gazebo_ros_pkgs/install/gazebo_plugins:/home/gennscar/gazebo_ros_pkgs/install/image_transport:/home/gennscar/gazebo_ros_pkgs/install/image_geometry:/home/gennscar/gazebo_ros_pkgs/install/gazebo_ros:/home/gennscar/gazebo_ros_pkgs/install/gazebo_msgs:/home/gennscar/gazebo_ros_pkgs/install/gazebo_dev:/home/gennscar/gazebo_ros_pkgs/install/cv_bridge:/home/gennscar/gazebo_ros_pkgs/install/camera_info_manager:/home/gennscar/gazebo_ros_pkgs/install/camera_calibration_parsers:/home/gennscar/ros2_px4_ws/install/testing:/home/gennscar/ros2_px4_ws/install/ros2_px4_control:/home/gennscar/ros2_px4_ws/install/estimation:/home/gennscar/ros2_px4_ws/install/functions:/home/gennscar/gazebo_ros_pkgs/install/opencv_tests:/opt/ros/foxy LD_LIBRARY_PATH=/home/gennscar/px4_ros_com_ros2/install/px4_msgs/lib:/home/gennscar/ros2_px4_ws/install/custom_interfaces/lib:/home/gennscar/gazebo_ros_pkgs/install/gazebo_plugins/lib:/home/gennscar/gazebo_ros_pkgs/install/image_transport/lib:/home/gennscar/gazebo_ros_pkgs/install/image_geometry/lib:/home/gennscar/gazebo_ros_pkgs/install/gazebo_ros/lib:/home/gennscar/gazebo_ros_pkgs/install/gazebo_msgs/lib:/home/gennscar/gazebo_ros_pkgs/install/cv_bridge/lib:/home/gennscar/gazebo_ros_pkgs/install/camera_info_manager/lib:/home/gennscar/gazebo_ros_pkgs/install/camera_calibration_parsers/lib:/usr/lib/x86_64-linux-gnu/gazebo-11/plugins:/opt/ros/foxy/opt/yaml_cpp_vendor/lib:/opt/ros/foxy/opt/rviz_ogre_vendor/lib:/opt/ros/foxy/lib/x86_64-linux-gnu:/opt/ros/foxy/lib:/usr/local/lib PYTHONPATH=/home/gennscar/px4_ros_com_ros2/install/px4_msgs/lib/python3.8/site-packages:${PYTHONPATH} /usr/bin/cmake --build /home/gennscar/px4_ros_com_ros2/build/px4_ros_com -- -j8 -l8
[428.560s] DEBUG:colcon.colcon_core.event_handler.log_command:Invoked command in '/home/gennscar/px4_ros_com_ros2/build/px4_ros_com' returned '0': AMENT_PREFIX_PATH=/home/gennscar/px4_ros_com_ros2/install/px4_msgs:${AMENT_PREFIX_PATH} CMAKE_PREFIX_PATH=/home/gennscar/px4_ros_com_ros2/install/px4_msgs:/home/gennscar/ros2_px4_ws/install/ros2_px4_launch_files:/home/gennscar/ros2_px4_ws/install/custom_interfaces:/home/gennscar/gazebo_ros_pkgs/install/vision_opencv:/home/gennscar/gazebo_ros_pkgs/install/image_common:/home/gennscar/gazebo_ros_pkgs/install/gazebo_ros_pkgs:/home/gennscar/gazebo_ros_pkgs/install/gazebo_plugins:/home/gennscar/gazebo_ros_pkgs/install/image_transport:/home/gennscar/gazebo_ros_pkgs/install/image_geometry:/home/gennscar/gazebo_ros_pkgs/install/gazebo_ros:/home/gennscar/gazebo_ros_pkgs/install/gazebo_msgs:/home/gennscar/gazebo_ros_pkgs/install/gazebo_dev:/home/gennscar/gazebo_ros_pkgs/install/cv_bridge:/home/gennscar/gazebo_ros_pkgs/install/camera_info_manager:/home/gennscar/gazebo_ros_pkgs/install/camera_calibration_parsers:/home/gennscar/ros2_px4_ws/install/testing:/home/gennscar/ros2_px4_ws/install/ros2_px4_control:/home/gennscar/ros2_px4_ws/install/estimation:/home/gennscar/ros2_px4_ws/install/functions:/home/gennscar/gazebo_ros_pkgs/install/opencv_tests:/opt/ros/foxy LD_LIBRARY_PATH=/home/gennscar/px4_ros_com_ros2/install/px4_msgs/lib:/home/gennscar/ros2_px4_ws/install/custom_interfaces/lib:/home/gennscar/gazebo_ros_pkgs/install/gazebo_plugins/lib:/home/gennscar/gazebo_ros_pkgs/install/image_transport/lib:/home/gennscar/gazebo_ros_pkgs/install/image_geometry/lib:/home/gennscar/gazebo_ros_pkgs/install/gazebo_ros/lib:/home/gennscar/gazebo_ros_pkgs/install/gazebo_msgs/lib:/home/gennscar/gazebo_ros_pkgs/install/cv_bridge/lib:/home/gennscar/gazebo_ros_pkgs/install/camera_info_manager/lib:/home/gennscar/gazebo_ros_pkgs/install/camera_calibration_parsers/lib:/usr/lib/x86_64-linux-gnu/gazebo-11/plugins:/opt/ros/foxy/opt/yaml_cpp_vendor/lib:/opt/ros/foxy/opt/rviz_ogre_vendor/lib:/opt/ros/foxy/lib/x86_64-linux-gnu:/opt/ros/foxy/lib:/usr/local/lib PYTHONPATH=/home/gennscar/px4_ros_com_ros2/install/px4_msgs/lib/python3.8/site-packages:${PYTHONPATH} /usr/bin/cmake --build /home/gennscar/px4_ros_com_ros2/build/px4_ros_com -- -j8 -l8
[428.801s] DEBUG:colcon.colcon_core.event_handler.log_command:Invoking command in '/home/gennscar/px4_ros_com_ros2/build/px4_ros_com': AMENT_PREFIX_PATH=/home/gennscar/px4_ros_com_ros2/install/px4_msgs:${AMENT_PREFIX_PATH} CMAKE_PREFIX_PATH=/home/gennscar/px4_ros_com_ros2/install/px4_msgs:/home/gennscar/ros2_px4_ws/install/ros2_px4_launch_files:/home/gennscar/ros2_px4_ws/install/custom_interfaces:/home/gennscar/gazebo_ros_pkgs/install/vision_opencv:/home/gennscar/gazebo_ros_pkgs/install/image_common:/home/gennscar/gazebo_ros_pkgs/install/gazebo_ros_pkgs:/home/gennscar/gazebo_ros_pkgs/install/gazebo_plugins:/home/gennscar/gazebo_ros_pkgs/install/image_transport:/home/gennscar/gazebo_ros_pkgs/install/image_geometry:/home/gennscar/gazebo_ros_pkgs/install/gazebo_ros:/home/gennscar/gazebo_ros_pkgs/install/gazebo_msgs:/home/gennscar/gazebo_ros_pkgs/install/gazebo_dev:/home/gennscar/gazebo_ros_pkgs/install/cv_bridge:/home/gennscar/gazebo_ros_pkgs/install/camera_info_manager:/home/gennscar/gazebo_ros_pkgs/install/camera_calibration_parsers:/home/gennscar/ros2_px4_ws/install/testing:/home/gennscar/ros2_px4_ws/install/ros2_px4_control:/home/gennscar/ros2_px4_ws/install/estimation:/home/gennscar/ros2_px4_ws/install/functions:/home/gennscar/gazebo_ros_pkgs/install/opencv_tests:/opt/ros/foxy LD_LIBRARY_PATH=/home/gennscar/px4_ros_com_ros2/install/px4_msgs/lib:/home/gennscar/ros2_px4_ws/install/custom_interfaces/lib:/home/gennscar/gazebo_ros_pkgs/install/gazebo_plugins/lib:/home/gennscar/gazebo_ros_pkgs/install/image_transport/lib:/home/gennscar/gazebo_ros_pkgs/install/image_geometry/lib:/home/gennscar/gazebo_ros_pkgs/install/gazebo_ros/lib:/home/gennscar/gazebo_ros_pkgs/install/gazebo_msgs/lib:/home/gennscar/gazebo_ros_pkgs/install/cv_bridge/lib:/home/gennscar/gazebo_ros_pkgs/install/camera_info_manager/lib:/home/gennscar/gazebo_ros_pkgs/install/camera_calibration_parsers/lib:/usr/lib/x86_64-linux-gnu/gazebo-11/plugins:/opt/ros/foxy/opt/yaml_cpp_vendor/lib:/opt/ros/foxy/opt/rviz_ogre_vendor/lib:/opt/ros/foxy/lib/x86_64-linux-gnu:/opt/ros/foxy/lib:/usr/local/lib PYTHONPATH=/home/gennscar/px4_ros_com_ros2/install/px4_msgs/lib/python3.8/site-packages:${PYTHONPATH} /usr/bin/cmake --install /home/gennscar/px4_ros_com_ros2/build/px4_ros_com
[429.167s] Level 1:colcon.colcon_core.environment:create_environment_scripts_only(px4_ros_com)
[429.168s] Level 1:colcon.colcon_core.environment:checking '/home/gennscar/px4_ros_com_ros2/install/px4_ros_com' for CMake module files
[429.169s] DEBUG:colcon.colcon_core.event_handler.log_command:Invoked command in '/home/gennscar/px4_ros_com_ros2/build/px4_ros_com' returned '0': AMENT_PREFIX_PATH=/home/gennscar/px4_ros_com_ros2/install/px4_msgs:${AMENT_PREFIX_PATH} CMAKE_PREFIX_PATH=/home/gennscar/px4_ros_com_ros2/install/px4_msgs:/home/gennscar/ros2_px4_ws/install/ros2_px4_launch_files:/home/gennscar/ros2_px4_ws/install/custom_interfaces:/home/gennscar/gazebo_ros_pkgs/install/vision_opencv:/home/gennscar/gazebo_ros_pkgs/install/image_common:/home/gennscar/gazebo_ros_pkgs/install/gazebo_ros_pkgs:/home/gennscar/gazebo_ros_pkgs/install/gazebo_plugins:/home/gennscar/gazebo_ros_pkgs/install/image_transport:/home/gennscar/gazebo_ros_pkgs/install/image_geometry:/home/gennscar/gazebo_ros_pkgs/install/gazebo_ros:/home/gennscar/gazebo_ros_pkgs/install/gazebo_msgs:/home/gennscar/gazebo_ros_pkgs/install/gazebo_dev:/home/gennscar/gazebo_ros_pkgs/install/cv_bridge:/home/gennscar/gazebo_ros_pkgs/install/camera_info_manager:/home/gennscar/gazebo_ros_pkgs/install/camera_calibration_parsers:/home/gennscar/ros2_px4_ws/install/testing:/home/gennscar/ros2_px4_ws/install/ros2_px4_control:/home/gennscar/ros2_px4_ws/install/estimation:/home/gennscar/ros2_px4_ws/install/functions:/home/gennscar/gazebo_ros_pkgs/install/opencv_tests:/opt/ros/foxy LD_LIBRARY_PATH=/home/gennscar/px4_ros_com_ros2/install/px4_msgs/lib:/home/gennscar/ros2_px4_ws/install/custom_interfaces/lib:/home/gennscar/gazebo_ros_pkgs/install/gazebo_plugins/lib:/home/gennscar/gazebo_ros_pkgs/install/image_transport/lib:/home/gennscar/gazebo_ros_pkgs/install/image_geometry/lib:/home/gennscar/gazebo_ros_pkgs/install/gazebo_ros/lib:/home/gennscar/gazebo_ros_pkgs/install/gazebo_msgs/lib:/home/gennscar/gazebo_ros_pkgs/install/cv_bridge/lib:/home/gennscar/gazebo_ros_pkgs/install/camera_info_manager/lib:/home/gennscar/gazebo_ros_pkgs/install/camera_calibration_parsers/lib:/usr/lib/x86_64-linux-gnu/gazebo-11/plugins:/opt/ros/foxy/opt/yaml_cpp_vendor/lib:/opt/ros/foxy/opt/rviz_ogre_vendor/lib:/opt/ros/foxy/lib/x86_64-linux-gnu:/opt/ros/foxy/lib:/usr/local/lib PYTHONPATH=/home/gennscar/px4_ros_com_ros2/install/px4_msgs/lib/python3.8/site-packages:${PYTHONPATH} /usr/bin/cmake --install /home/gennscar/px4_ros_com_ros2/build/px4_ros_com
[429.169s] Level 1:colcon.colcon_core.environment:checking '/home/gennscar/px4_ros_com_ros2/install/px4_ros_com' for CMake config files
[429.170s] Level 1:colcon.colcon_core.shell:create_environment_hook('px4_ros_com', 'cmake_prefix_path')
[429.170s] INFO:colcon.colcon_core.shell:Creating environment hook '/home/gennscar/px4_ros_com_ros2/install/px4_ros_com/share/px4_ros_com/hook/cmake_prefix_path.ps1'
[429.171s] INFO:colcon.colcon_core.shell:Creating environment descriptor '/home/gennscar/px4_ros_com_ros2/install/px4_ros_com/share/px4_ros_com/hook/cmake_prefix_path.dsv'
[429.171s] INFO:colcon.colcon_core.shell:Creating environment hook '/home/gennscar/px4_ros_com_ros2/install/px4_ros_com/share/px4_ros_com/hook/cmake_prefix_path.sh'
[429.171s] Level 1:colcon.colcon_core.environment:checking '/home/gennscar/px4_ros_com_ros2/install/px4_ros_com/lib'
[429.171s] Level 1:colcon.colcon_core.shell:create_environment_hook('px4_ros_com', 'ld_library_path_lib')
[429.172s] INFO:colcon.colcon_core.shell:Creating environment hook '/home/gennscar/px4_ros_com_ros2/install/px4_ros_com/share/px4_ros_com/hook/ld_library_path_lib.ps1'
[429.172s] INFO:colcon.colcon_core.shell:Creating environment descriptor '/home/gennscar/px4_ros_com_ros2/install/px4_ros_com/share/px4_ros_com/hook/ld_library_path_lib.dsv'
[429.172s] INFO:colcon.colcon_core.shell:Creating environment hook '/home/gennscar/px4_ros_com_ros2/install/px4_ros_com/share/px4_ros_com/hook/ld_library_path_lib.sh'
[429.173s] Level 1:colcon.colcon_core.environment:checking '/home/gennscar/px4_ros_com_ros2/install/px4_ros_com/bin'
[429.173s] Level 1:colcon.colcon_core.shell:create_environment_hook('px4_ros_com', 'path')
[429.173s] INFO:colcon.colcon_core.shell:Creating environment hook '/home/gennscar/px4_ros_com_ros2/install/px4_ros_com/share/px4_ros_com/hook/path.ps1'
[429.173s] INFO:colcon.colcon_core.shell:Creating environment descriptor '/home/gennscar/px4_ros_com_ros2/install/px4_ros_com/share/px4_ros_com/hook/path.dsv'
[429.174s] INFO:colcon.colcon_core.shell:Creating environment hook '/home/gennscar/px4_ros_com_ros2/install/px4_ros_com/share/px4_ros_com/hook/path.sh'
[429.174s] Level 1:colcon.colcon_core.environment:checking '/home/gennscar/px4_ros_com_ros2/install/px4_ros_com/lib/pkgconfig/px4_ros_com.pc'
[429.174s] Level 1:colcon.colcon_core.environment:checking '/home/gennscar/px4_ros_com_ros2/install/px4_ros_com/lib/python3.8/site-packages'
[429.175s] INFO:colcon.colcon_core.shell:Creating package script '/home/gennscar/px4_ros_com_ros2/install/px4_ros_com/share/px4_ros_com/package.ps1'
[429.175s] INFO:colcon.colcon_core.shell:Creating package descriptor '/home/gennscar/px4_ros_com_ros2/install/px4_ros_com/share/px4_ros_com/package.dsv'
[429.176s] INFO:colcon.colcon_core.shell:Creating package script '/home/gennscar/px4_ros_com_ros2/install/px4_ros_com/share/px4_ros_com/package.sh'
[429.176s] INFO:colcon.colcon_core.shell:Creating package script '/home/gennscar/px4_ros_com_ros2/install/px4_ros_com/share/px4_ros_com/package.bash'
[429.176s] INFO:colcon.colcon_core.shell:Creating package script '/home/gennscar/px4_ros_com_ros2/install/px4_ros_com/share/px4_ros_com/package.zsh'
[429.176s] Level 1:colcon.colcon_core.environment:create_file_with_runtime_dependencies(/home/gennscar/px4_ros_com_ros2/install/px4_ros_com/share/colcon-core/packages/px4_ros_com)
[429.415s] Level 1:colcon.colcon_core.environment:create_environment_scripts_only(px4_ros_com)
[429.417s] Level 1:colcon.colcon_core.environment:checking '/home/gennscar/px4_ros_com_ros2/install/px4_ros_com' for CMake module files
[429.417s] Level 1:colcon.colcon_core.environment:checking '/home/gennscar/px4_ros_com_ros2/install/px4_ros_com' for CMake config files
[429.417s] Level 1:colcon.colcon_core.shell:create_environment_hook('px4_ros_com', 'cmake_prefix_path')
[429.418s] INFO:colcon.colcon_core.shell:Creating environment hook '/home/gennscar/px4_ros_com_ros2/install/px4_ros_com/share/px4_ros_com/hook/cmake_prefix_path.ps1'
[429.418s] INFO:colcon.colcon_core.shell:Creating environment descriptor '/home/gennscar/px4_ros_com_ros2/install/px4_ros_com/share/px4_ros_com/hook/cmake_prefix_path.dsv'
[429.419s] INFO:colcon.colcon_core.shell:Creating environment hook '/home/gennscar/px4_ros_com_ros2/install/px4_ros_com/share/px4_ros_com/hook/cmake_prefix_path.sh'
[429.419s] Level 1:colcon.colcon_core.environment:checking '/home/gennscar/px4_ros_com_ros2/install/px4_ros_com/lib'
[429.419s] Level 1:colcon.colcon_core.shell:create_environment_hook('px4_ros_com', 'ld_library_path_lib')
[429.420s] INFO:colcon.colcon_core.shell:Creating environment hook '/home/gennscar/px4_ros_com_ros2/install/px4_ros_com/share/px4_ros_com/hook/ld_library_path_lib.ps1'
[429.420s] INFO:colcon.colcon_core.shell:Creating environment descriptor '/home/gennscar/px4_ros_com_ros2/install/px4_ros_com/share/px4_ros_com/hook/ld_library_path_lib.dsv'
[429.420s] INFO:colcon.colcon_core.shell:Creating environment hook '/home/gennscar/px4_ros_com_ros2/install/px4_ros_com/share/px4_ros_com/hook/ld_library_path_lib.sh'
[429.421s] Level 1:colcon.colcon_core.environment:checking '/home/gennscar/px4_ros_com_ros2/install/px4_ros_com/bin'
[429.421s] Level 1:colcon.colcon_core.shell:create_environment_hook('px4_ros_com', 'path')
[429.421s] INFO:colcon.colcon_core.shell:Creating environment hook '/home/gennscar/px4_ros_com_ros2/install/px4_ros_com/share/px4_ros_com/hook/path.ps1'
[429.421s] INFO:colcon.colcon_core.shell:Creating environment descriptor '/home/gennscar/px4_ros_com_ros2/install/px4_ros_com/share/px4_ros_com/hook/path.dsv'
[429.422s] INFO:colcon.colcon_core.shell:Creating environment hook '/home/gennscar/px4_ros_com_ros2/install/px4_ros_com/share/px4_ros_com/hook/path.sh'
[429.422s] Level 1:colcon.colcon_core.environment:checking '/home/gennscar/px4_ros_com_ros2/install/px4_ros_com/lib/pkgconfig/px4_ros_com.pc'
[429.422s] Level 1:colcon.colcon_core.environment:checking '/home/gennscar/px4_ros_com_ros2/install/px4_ros_com/lib/python3.8/site-packages'
[429.423s] INFO:colcon.colcon_core.shell:Creating package script '/home/gennscar/px4_ros_com_ros2/install/px4_ros_com/share/px4_ros_com/package.ps1'
[429.423s] INFO:colcon.colcon_core.shell:Creating package descriptor '/home/gennscar/px4_ros_com_ros2/install/px4_ros_com/share/px4_ros_com/package.dsv'
[429.424s] INFO:colcon.colcon_core.shell:Creating package script '/home/gennscar/px4_ros_com_ros2/install/px4_ros_com/share/px4_ros_com/package.sh'
[429.424s] INFO:colcon.colcon_core.shell:Creating package script '/home/gennscar/px4_ros_com_ros2/install/px4_ros_com/share/px4_ros_com/package.bash'
[429.424s] INFO:colcon.colcon_core.shell:Creating package script '/home/gennscar/px4_ros_com_ros2/install/px4_ros_com/share/px4_ros_com/package.zsh'
[429.425s] Level 1:colcon.colcon_core.environment:create_file_with_runtime_dependencies(/home/gennscar/px4_ros_com_ros2/install/px4_ros_com/share/colcon-core/packages/px4_ros_com)
[429.425s] DEBUG:colcon.colcon_parallel_executor.executor.parallel:closing loop
[429.425s] DEBUG:colcon.colcon_parallel_executor.executor.parallel:loop closed
[429.426s] DEBUG:colcon.colcon_parallel_executor.executor.parallel:run_until_complete finished with '0'
[429.426s] DEBUG:colcon.colcon_core.event_reactor:joining thread
[429.432s] INFO:colcon.colcon_core.plugin_system:Skipping extension 'colcon_notification.desktop_notification.terminal_notifier': Not used on non-Darwin systems
[429.432s] INFO:colcon.colcon_core.plugin_system:Skipping extension 'colcon_notification.desktop_notification.win32': Not used on non-Windows systems
[429.432s] INFO:colcon.colcon_notification.desktop_notification:Sending desktop notification using 'notify2'
[429.440s] DEBUG:colcon.colcon_core.event_reactor:joined thread
[429.441s] INFO:colcon.colcon_core.shell:Creating prefix script '/home/gennscar/px4_ros_com_ros2/install/local_setup.ps1'
[429.442s] INFO:colcon.colcon_core.shell:Creating prefix util module '/home/gennscar/px4_ros_com_ros2/install/_local_setup_util_ps1.py'
[429.443s] INFO:colcon.colcon_core.shell:Creating prefix chain script '/home/gennscar/px4_ros_com_ros2/install/setup.ps1'
[429.446s] INFO:colcon.colcon_core.shell:Creating prefix script '/home/gennscar/px4_ros_com_ros2/install/local_setup.sh'
[429.447s] INFO:colcon.colcon_core.shell:Creating prefix util module '/home/gennscar/px4_ros_com_ros2/install/_local_setup_util_sh.py'
[429.447s] INFO:colcon.colcon_core.shell:Creating prefix chain script '/home/gennscar/px4_ros_com_ros2/install/setup.sh'
[429.450s] INFO:colcon.colcon_core.shell:Creating prefix script '/home/gennscar/px4_ros_com_ros2/install/local_setup.bash'
[429.450s] INFO:colcon.colcon_core.shell:Creating prefix chain script '/home/gennscar/px4_ros_com_ros2/install/setup.bash'
[429.453s] INFO:colcon.colcon_core.shell:Creating prefix script '/home/gennscar/px4_ros_com_ros2/install/local_setup.zsh'
[429.453s] INFO:colcon.colcon_core.shell:Creating prefix chain script '/home/gennscar/px4_ros_com_ros2/install/setup.zsh'
